CRITICAL - 2024-11-07 06:45:17 --> TypeError: App\Controllers\Home::index(): Return value must be of type string, none returned
[Method: GET, Route: /]
in APPPATH\Controllers\Home.php on line 10.
 1 SYSTEMPATH\CodeIgniter.php(933): App\Controllers\Home->index()
 2 SYSTEMPATH\CodeIgniter.php(509): CodeIgniter\CodeIgniter->runController(Object(App\Controllers\Home))
 3 SYSTEMPATH\CodeIgniter.php(355): CodeIgniter\CodeIgniter->handleRequest(null, Object(Config\Cache), false)
 4 SYSTEMPATH\Boot.php(325): CodeIgniter\CodeIgniter->run()
 5 SYSTEMPATH\Boot.php(67): CodeIgniter\Boot::runCodeIgniter(Object(CodeIgniter\CodeIgniter))
 6 FCPATH\index.php(56): CodeIgniter\Boot::bootWeb(Object(Config\Paths))
CRITICAL - 2024-11-07 06:52:28 --> CodeIgniter\View\Exceptions\ViewException: Invalid file: "DB_Connect.php"
[Method: GET, Route: u7]
in SYSTEMPATH\Exceptions\FrameworkException.php on line 41.
 1 SYSTEMPATH\View\View.php(222): CodeIgniter\Exceptions\FrameworkException::forInvalidFile('DB_Connect.php')
 2 SYSTEMPATH\Common.php(1171): CodeIgniter\View\View->render('DB_Connect', [], true)
 3 APPPATH\Controllers\u7.php(24): view('DB_Connect', [...])
 4 SYSTEMPATH\CodeIgniter.php(933): App\Controllers\u7->index()
 5 SYSTEMPATH\CodeIgniter.php(509): CodeIgniter\CodeIgniter->runController(Object(App\Controllers\u7))
 6 SYSTEMPATH\CodeIgniter.php(355): CodeIgniter\CodeIgniter->handleRequest(null, Object(Config\Cache), false)
 7 SYSTEMPATH\Boot.php(325): CodeIgniter\CodeIgniter->run()
 8 SYSTEMPATH\Boot.php(67): CodeIgniter\Boot::runCodeIgniter(Object(CodeIgniter\CodeIgniter))
 9 FCPATH\index.php(56): CodeIgniter\Boot::bootWeb(Object(Config\Paths))
CRITICAL - 2024-11-07 06:56:05 --> CodeIgniter\View\Exceptions\ViewException: Invalid file: "DB_Connect.php"
[Method: GET, Route: u7]
in SYSTEMPATH\Exceptions\FrameworkException.php on line 41.
 1 SYSTEMPATH\View\View.php(222): CodeIgniter\Exceptions\FrameworkException::forInvalidFile('DB_Connect.php')
 2 SYSTEMPATH\Common.php(1171): CodeIgniter\View\View->render('DB_Connect', [], true)
 3 APPPATH\Controllers\u7.php(24): view('DB_Connect', [...])
 4 SYSTEMPATH\CodeIgniter.php(933): App\Controllers\u7->index()
 5 SYSTEMPATH\CodeIgniter.php(509): CodeIgniter\CodeIgniter->runController(Object(App\Controllers\u7))
 6 SYSTEMPATH\CodeIgniter.php(355): CodeIgniter\CodeIgniter->handleRequest(null, Object(Config\Cache), false)
 7 SYSTEMPATH\Boot.php(325): CodeIgniter\CodeIgniter->run()
 8 SYSTEMPATH\Boot.php(67): CodeIgniter\Boot::runCodeIgniter(Object(CodeIgniter\CodeIgniter))
 9 FCPATH\index.php(56): CodeIgniter\Boot::bootWeb(Object(Config\Paths))
CRITICAL - 2024-11-07 06:57:45 --> CodeIgniter\View\Exceptions\ViewException: Invalid file: "DB_Connect.php"
[Method: GET, Route: u7]
in SYSTEMPATH\Exceptions\FrameworkException.php on line 41.
 1 SYSTEMPATH\View\View.php(222): CodeIgniter\Exceptions\FrameworkException::forInvalidFile('DB_Connect.php')
 2 SYSTEMPATH\Common.php(1171): CodeIgniter\View\View->render('DB_Connect', [], true)
 3 APPPATH\Controllers\u7.php(24): view('DB_Connect', [...])
 4 SYSTEMPATH\CodeIgniter.php(933): App\Controllers\u7->index()
 5 SYSTEMPATH\CodeIgniter.php(509): CodeIgniter\CodeIgniter->runController(Object(App\Controllers\u7))
 6 SYSTEMPATH\CodeIgniter.php(355): CodeIgniter\CodeIgniter->handleRequest(null, Object(Config\Cache), false)
 7 SYSTEMPATH\Boot.php(325): CodeIgniter\CodeIgniter->run()
 8 SYSTEMPATH\Boot.php(67): CodeIgniter\Boot::runCodeIgniter(Object(CodeIgniter\CodeIgniter))
 9 FCPATH\index.php(56): CodeIgniter\Boot::bootWeb(Object(Config\Paths))
CRITICAL - 2024-11-07 07:08:05 --> CodeIgniter\View\Exceptions\ViewException: Invalid file: "DB_Connect.php"
[Method: GET, Route: u7]
in SYSTEMPATH\Exceptions\FrameworkException.php on line 41.
 1 SYSTEMPATH\View\View.php(222): CodeIgniter\Exceptions\FrameworkException::forInvalidFile('DB_Connect.php')
 2 SYSTEMPATH\Common.php(1171): CodeIgniter\View\View->render('DB_Connect', [], true)
 3 APPPATH\Controllers\u7.php(25): view('DB_Connect', [...])
 4 SYSTEMPATH\CodeIgniter.php(933): App\Controllers\u7->index()
 5 SYSTEMPATH\CodeIgniter.php(509): CodeIgniter\CodeIgniter->runController(Object(App\Controllers\u7))
 6 SYSTEMPATH\CodeIgniter.php(355): CodeIgniter\CodeIgniter->handleRequest(null, Object(Config\Cache), false)
 7 SYSTEMPATH\Boot.php(325): CodeIgniter\CodeIgniter->run()
 8 SYSTEMPATH\Boot.php(67): CodeIgniter\Boot::runCodeIgniter(Object(CodeIgniter\CodeIgniter))
 9 FCPATH\index.php(56): CodeIgniter\Boot::bootWeb(Object(Config\Paths))
CRITICAL - 2024-11-07 07:10:12 --> CodeIgniter\View\Exceptions\ViewException: Invalid file: "DB_Connect.php"
[Method: GET, Route: u7]
in SYSTEMPATH\Exceptions\FrameworkException.php on line 41.
 1 SYSTEMPATH\View\View.php(222): CodeIgniter\Exceptions\FrameworkException::forInvalidFile('DB_Connect.php')
 2 SYSTEMPATH\Common.php(1171): CodeIgniter\View\View->render('DB_Connect', [], true)
 3 APPPATH\Controllers\u7.php(25): view('DB_Connect', [...])
 4 SYSTEMPATH\CodeIgniter.php(933): App\Controllers\u7->index()
 5 SYSTEMPATH\CodeIgniter.php(509): CodeIgniter\CodeIgniter->runController(Object(App\Controllers\u7))
 6 SYSTEMPATH\CodeIgniter.php(355): CodeIgniter\CodeIgniter->handleRequest(null, Object(Config\Cache), false)
 7 SYSTEMPATH\Boot.php(325): CodeIgniter\CodeIgniter->run()
 8 SYSTEMPATH\Boot.php(67): CodeIgniter\Boot::runCodeIgniter(Object(CodeIgniter\CodeIgniter))
 9 FCPATH\index.php(56): CodeIgniter\Boot::bootWeb(Object(Config\Paths))
CRITICAL - 2024-11-07 07:14:22 --> CodeIgniter\View\Exceptions\ViewException: Invalid file: "DB_Connect.php"
[Method: GET, Route: u7]
in SYSTEMPATH\Exceptions\FrameworkException.php on line 41.
 1 SYSTEMPATH\View\View.php(222): CodeIgniter\Exceptions\FrameworkException::forInvalidFile('DB_Connect.php')
 2 SYSTEMPATH\Common.php(1171): CodeIgniter\View\View->render('DB_Connect', [], true)
 3 APPPATH\Controllers\u7.php(25): view('DB_Connect', [...])
 4 SYSTEMPATH\CodeIgniter.php(933): App\Controllers\u7->index()
 5 SYSTEMPATH\CodeIgniter.php(509): CodeIgniter\CodeIgniter->runController(Object(App\Controllers\u7))
 6 SYSTEMPATH\CodeIgniter.php(355): CodeIgniter\CodeIgniter->handleRequest(null, Object(Config\Cache), false)
 7 SYSTEMPATH\Boot.php(325): CodeIgniter\CodeIgniter->run()
 8 SYSTEMPATH\Boot.php(67): CodeIgniter\Boot::runCodeIgniter(Object(CodeIgniter\CodeIgniter))
 9 FCPATH\index.php(56): CodeIgniter\Boot::bootWeb(Object(Config\Paths))
CRITICAL - 2024-11-07 07:14:24 --> CodeIgniter\View\Exceptions\ViewException: Invalid file: "DB_Connect.php"
[Method: GET, Route: u7]
in SYSTEMPATH\Exceptions\FrameworkException.php on line 41.
 1 SYSTEMPATH\View\View.php(222): CodeIgniter\Exceptions\FrameworkException::forInvalidFile('DB_Connect.php')
 2 SYSTEMPATH\Common.php(1171): CodeIgniter\View\View->render('DB_Connect', [], true)
 3 APPPATH\Controllers\u7.php(25): view('DB_Connect', [...])
 4 SYSTEMPATH\CodeIgniter.php(933): App\Controllers\u7->index()
 5 SYSTEMPATH\CodeIgniter.php(509): CodeIgniter\CodeIgniter->runController(Object(App\Controllers\u7))
 6 SYSTEMPATH\CodeIgniter.php(355): CodeIgniter\CodeIgniter->handleRequest(null, Object(Config\Cache), false)
 7 SYSTEMPATH\Boot.php(325): CodeIgniter\CodeIgniter->run()
 8 SYSTEMPATH\Boot.php(67): CodeIgniter\Boot::runCodeIgniter(Object(CodeIgniter\CodeIgniter))
 9 FCPATH\index.php(56): CodeIgniter\Boot::bootWeb(Object(Config\Paths))
CRITICAL - 2024-11-07 07:15:09 --> ErrorException: Undefined variable $data
[Method: GET, Route: u7]
in APPPATH\Views\DB_Connect.php on line 2.
 1 APPPATH\Views\DB_Connect.php(2): CodeIgniter\Debug\Exceptions->errorHandler(2, 'Undefined variable $data', 'C:\\xampp\\htdocs\\u8\\app\\Views\\DB_Connect.php', 2)
 2 SYSTEMPATH\View\View.php(234): include('C:\\xampp\\htdocs\\u8\\app\\Views\\DB_Connect.php')
 3 SYSTEMPATH\View\View.php(237): CodeIgniter\View\View->CodeIgniter\View\{closure}()
 4 SYSTEMPATH\Common.php(1171): CodeIgniter\View\View->render('DB_Connect', [], true)
 5 APPPATH\Controllers\u7.php(25): view('DB_Connect', [...])
 6 SYSTEMPATH\CodeIgniter.php(933): App\Controllers\u7->index()
 7 SYSTEMPATH\CodeIgniter.php(509): CodeIgniter\CodeIgniter->runController(Object(App\Controllers\u7))
 8 SYSTEMPATH\CodeIgniter.php(355): CodeIgniter\CodeIgniter->handleRequest(null, Object(Config\Cache), false)
 9 SYSTEMPATH\Boot.php(325): CodeIgniter\CodeIgniter->run()
10 SYSTEMPATH\Boot.php(67): CodeIgniter\Boot::runCodeIgniter(Object(CodeIgniter\CodeIgniter))
11 FCPATH\index.php(56): CodeIgniter\Boot::bootWeb(Object(Config\Paths))
CRITICAL - 2024-11-07 07:20:37 --> ErrorException: Undefined variable $data
[Method: GET, Route: u7]
in APPPATH\Views\DB_Connect.php on line 2.
 1 APPPATH\Views\DB_Connect.php(2): CodeIgniter\Debug\Exceptions->errorHandler(2, 'Undefined variable $data', 'C:\\xampp\\htdocs\\u8\\app\\Views\\DB_Connect.php', 2)
 2 SYSTEMPATH\View\View.php(234): include('C:\\xampp\\htdocs\\u8\\app\\Views\\DB_Connect.php')
 3 SYSTEMPATH\View\View.php(237): CodeIgniter\View\View->CodeIgniter\View\{closure}()
 4 SYSTEMPATH\Common.php(1171): CodeIgniter\View\View->render('DB_Connect', [], true)
 5 APPPATH\Controllers\u7.php(25): view('DB_Connect', [...])
 6 SYSTEMPATH\CodeIgniter.php(933): App\Controllers\u7->index()
 7 SYSTEMPATH\CodeIgniter.php(509): CodeIgniter\CodeIgniter->runController(Object(App\Controllers\u7))
 8 SYSTEMPATH\CodeIgniter.php(355): CodeIgniter\CodeIgniter->handleRequest(null, Object(Config\Cache), false)
 9 SYSTEMPATH\Boot.php(325): CodeIgniter\CodeIgniter->run()
10 SYSTEMPATH\Boot.php(67): CodeIgniter\Boot::runCodeIgniter(Object(CodeIgniter\CodeIgniter))
11 FCPATH\index.php(56): CodeIgniter\Boot::bootWeb(Object(Config\Paths))
CRITICAL - 2024-11-07 07:22:00 --> ErrorException: Undefined variable $data
[Method: GET, Route: u7]
in APPPATH\Views\DB_Connect.php on line 2.
 1 APPPATH\Views\DB_Connect.php(2): CodeIgniter\Debug\Exceptions->errorHandler(2, 'Undefined variable $data', 'C:\\xampp\\htdocs\\u8\\app\\Views\\DB_Connect.php', 2)
 2 SYSTEMPATH\View\View.php(234): include('C:\\xampp\\htdocs\\u8\\app\\Views\\DB_Connect.php')
 3 SYSTEMPATH\View\View.php(237): CodeIgniter\View\View->CodeIgniter\View\{closure}()
 4 SYSTEMPATH\Common.php(1171): CodeIgniter\View\View->render('DB_Connect', [], true)
 5 APPPATH\Controllers\u7.php(27): view('DB_Connect', [...])
 6 SYSTEMPATH\CodeIgniter.php(933): App\Controllers\u7->index()
 7 SYSTEMPATH\CodeIgniter.php(509): CodeIgniter\CodeIgniter->runController(Object(App\Controllers\u7))
 8 SYSTEMPATH\CodeIgniter.php(355): CodeIgniter\CodeIgniter->handleRequest(null, Object(Config\Cache), false)
 9 SYSTEMPATH\Boot.php(325): CodeIgniter\CodeIgniter->run()
10 SYSTEMPATH\Boot.php(67): CodeIgniter\Boot::runCodeIgniter(Object(CodeIgniter\CodeIgniter))
11 FCPATH\index.php(56): CodeIgniter\Boot::bootWeb(Object(Config\Paths))
CRITICAL - 2024-11-07 07:22:01 --> ErrorException: Undefined variable $data
[Method: GET, Route: u7]
in APPPATH\Views\DB_Connect.php on line 2.
 1 APPPATH\Views\DB_Connect.php(2): CodeIgniter\Debug\Exceptions->errorHandler(2, 'Undefined variable $data', 'C:\\xampp\\htdocs\\u8\\app\\Views\\DB_Connect.php', 2)
 2 SYSTEMPATH\View\View.php(234): include('C:\\xampp\\htdocs\\u8\\app\\Views\\DB_Connect.php')
 3 SYSTEMPATH\View\View.php(237): CodeIgniter\View\View->CodeIgniter\View\{closure}()
 4 SYSTEMPATH\Common.php(1171): CodeIgniter\View\View->render('DB_Connect', [], true)
 5 APPPATH\Controllers\u7.php(27): view('DB_Connect', [...])
 6 SYSTEMPATH\CodeIgniter.php(933): App\Controllers\u7->index()
 7 SYSTEMPATH\CodeIgniter.php(509): CodeIgniter\CodeIgniter->runController(Object(App\Controllers\u7))
 8 SYSTEMPATH\CodeIgniter.php(355): CodeIgniter\CodeIgniter->handleRequest(null, Object(Config\Cache), false)
 9 SYSTEMPATH\Boot.php(325): CodeIgniter\CodeIgniter->run()
10 SYSTEMPATH\Boot.php(67): CodeIgniter\Boot::runCodeIgniter(Object(CodeIgniter\CodeIgniter))
11 FCPATH\index.php(56): CodeIgniter\Boot::bootWeb(Object(Config\Paths))
CRITICAL - 2024-11-07 07:22:13 --> ErrorException: Undefined variable $datt
[Method: GET, Route: u7]
in APPPATH\Views\DB_Connect.php on line 2.
 1 APPPATH\Views\DB_Connect.php(2): CodeIgniter\Debug\Exceptions->errorHandler(2, 'Undefined variable $datt', 'C:\\xampp\\htdocs\\u8\\app\\Views\\DB_Connect.php', 2)
 2 SYSTEMPATH\View\View.php(234): include('C:\\xampp\\htdocs\\u8\\app\\Views\\DB_Connect.php')
 3 SYSTEMPATH\View\View.php(237): CodeIgniter\View\View->CodeIgniter\View\{closure}()
 4 SYSTEMPATH\Common.php(1171): CodeIgniter\View\View->render('DB_Connect', [], true)
 5 APPPATH\Controllers\u7.php(27): view('DB_Connect', [...])
 6 SYSTEMPATH\CodeIgniter.php(933): App\Controllers\u7->index()
 7 SYSTEMPATH\CodeIgniter.php(509): CodeIgniter\CodeIgniter->runController(Object(App\Controllers\u7))
 8 SYSTEMPATH\CodeIgniter.php(355): CodeIgniter\CodeIgniter->handleRequest(null, Object(Config\Cache), false)
 9 SYSTEMPATH\Boot.php(325): CodeIgniter\CodeIgniter->run()
10 SYSTEMPATH\Boot.php(67): CodeIgniter\Boot::runCodeIgniter(Object(CodeIgniter\CodeIgniter))
11 FCPATH\index.php(56): CodeIgniter\Boot::bootWeb(Object(Config\Paths))
CRITICAL - 2024-11-07 07:22:23 --> ErrorException: Undefined variable $datt
[Method: GET, Route: u7]
in APPPATH\Views\DB_Connect.php on line 2.
 1 APPPATH\Views\DB_Connect.php(2): CodeIgniter\Debug\Exceptions->errorHandler(2, 'Undefined variable $datt', 'C:\\xampp\\htdocs\\u8\\app\\Views\\DB_Connect.php', 2)
 2 SYSTEMPATH\View\View.php(234): include('C:\\xampp\\htdocs\\u8\\app\\Views\\DB_Connect.php')
 3 SYSTEMPATH\View\View.php(237): CodeIgniter\View\View->CodeIgniter\View\{closure}()
 4 SYSTEMPATH\Common.php(1171): CodeIgniter\View\View->render('DB_Connect', [], true)
 5 APPPATH\Controllers\u7.php(27): view('DB_Connect', [...])
 6 SYSTEMPATH\CodeIgniter.php(933): App\Controllers\u7->index()
 7 SYSTEMPATH\CodeIgniter.php(509): CodeIgniter\CodeIgniter->runController(Object(App\Controllers\u7))
 8 SYSTEMPATH\CodeIgniter.php(355): CodeIgniter\CodeIgniter->handleRequest(null, Object(Config\Cache), false)
 9 SYSTEMPATH\Boot.php(325): CodeIgniter\CodeIgniter->run()
10 SYSTEMPATH\Boot.php(67): CodeIgniter\Boot::runCodeIgniter(Object(CodeIgniter\CodeIgniter))
11 FCPATH\index.php(56): CodeIgniter\Boot::bootWeb(Object(Config\Paths))
CRITICAL - 2024-11-07 07:24:09 --> ErrorException: Undefined variable $student_name
[Method: GET, Route: u7]
in APPPATH\Views\DB_Connect.php on line 2.
 1 APPPATH\Views\DB_Connect.php(2): CodeIgniter\Debug\Exceptions->errorHandler(2, 'Undefined variable $student_name', 'C:\\xampp\\htdocs\\u8\\app\\Views\\DB_Connect.php', 2)
 2 SYSTEMPATH\View\View.php(234): include('C:\\xampp\\htdocs\\u8\\app\\Views\\DB_Connect.php')
 3 SYSTEMPATH\View\View.php(237): CodeIgniter\View\View->CodeIgniter\View\{closure}()
 4 SYSTEMPATH\Common.php(1171): CodeIgniter\View\View->render('DB_Connect', [], true)
 5 APPPATH\Controllers\u7.php(26): view('DB_Connect', [...])
 6 SYSTEMPATH\CodeIgniter.php(933): App\Controllers\u7->index()
 7 SYSTEMPATH\CodeIgniter.php(509): CodeIgniter\CodeIgniter->runController(Object(App\Controllers\u7))
 8 SYSTEMPATH\CodeIgniter.php(355): CodeIgniter\CodeIgniter->handleRequest(null, Object(Config\Cache), false)
 9 SYSTEMPATH\Boot.php(325): CodeIgniter\CodeIgniter->run()
10 SYSTEMPATH\Boot.php(67): CodeIgniter\Boot::runCodeIgniter(Object(CodeIgniter\CodeIgniter))
11 FCPATH\index.php(56): CodeIgniter\Boot::bootWeb(Object(Config\Paths))
CRITICAL - 2024-11-07 07:26:39 --> ParseError: syntax error, unexpected integer "0", expecting variable or "{" or "$"
[Method: GET, Route: u7]
in APPPATH\Views\DB_Connect.php on line 2.
 1 SYSTEMPATH\View\View.php(237): CodeIgniter\View\View->CodeIgniter\View\{closure}()
 2 SYSTEMPATH\Common.php(1171): CodeIgniter\View\View->render('DB_Connect', [], true)
 3 APPPATH\Controllers\u7.php(26): view('DB_Connect', [...])
 4 SYSTEMPATH\CodeIgniter.php(933): App\Controllers\u7->index()
 5 SYSTEMPATH\CodeIgniter.php(509): CodeIgniter\CodeIgniter->runController(Object(App\Controllers\u7))
 6 SYSTEMPATH\CodeIgniter.php(355): CodeIgniter\CodeIgniter->handleRequest(null, Object(Config\Cache), false)
 7 SYSTEMPATH\Boot.php(325): CodeIgniter\CodeIgniter->run()
 8 SYSTEMPATH\Boot.php(67): CodeIgniter\Boot::runCodeIgniter(Object(CodeIgniter\CodeIgniter))
 9 FCPATH\index.php(56): CodeIgniter\Boot::bootWeb(Object(Config\Paths))
CRITICAL - 2024-11-07 07:26:56 --> ParseError: syntax error, unexpected token "[", expecting variable or "{" or "$"
[Method: GET, Route: u7]
in APPPATH\Views\DB_Connect.php on line 2.
 1 SYSTEMPATH\View\View.php(237): CodeIgniter\View\View->CodeIgniter\View\{closure}()
 2 SYSTEMPATH\Common.php(1171): CodeIgniter\View\View->render('DB_Connect', [], true)
 3 APPPATH\Controllers\u7.php(26): view('DB_Connect', [...])
 4 SYSTEMPATH\CodeIgniter.php(933): App\Controllers\u7->index()
 5 SYSTEMPATH\CodeIgniter.php(509): CodeIgniter\CodeIgniter->runController(Object(App\Controllers\u7))
 6 SYSTEMPATH\CodeIgniter.php(355): CodeIgniter\CodeIgniter->handleRequest(null, Object(Config\Cache), false)
 7 SYSTEMPATH\Boot.php(325): CodeIgniter\CodeIgniter->run()
 8 SYSTEMPATH\Boot.php(67): CodeIgniter\Boot::runCodeIgniter(Object(CodeIgniter\CodeIgniter))
 9 FCPATH\index.php(56): CodeIgniter\Boot::bootWeb(Object(Config\Paths))
CRITICAL - 2024-11-07 07:29:11 --> ErrorException: Array to string conversion
[Method: GET, Route: u7]
in APPPATH\Views\DB_Connect.php on line 2.
 1 APPPATH\Views\DB_Connect.php(2): CodeIgniter\Debug\Exceptions->errorHandler(2, 'Array to string conversion', 'C:\\xampp\\htdocs\\u8\\app\\Views\\DB_Connect.php', 2)
 2 SYSTEMPATH\View\View.php(234): include('C:\\xampp\\htdocs\\u8\\app\\Views\\DB_Connect.php')
 3 SYSTEMPATH\View\View.php(237): CodeIgniter\View\View->CodeIgniter\View\{closure}()
 4 SYSTEMPATH\Common.php(1171): CodeIgniter\View\View->render('DB_Connect', [], true)
 5 APPPATH\Controllers\u7.php(26): view('DB_Connect', [...])
 6 SYSTEMPATH\CodeIgniter.php(933): App\Controllers\u7->index()
 7 SYSTEMPATH\CodeIgniter.php(509): CodeIgniter\CodeIgniter->runController(Object(App\Controllers\u7))
 8 SYSTEMPATH\CodeIgniter.php(355): CodeIgniter\CodeIgniter->handleRequest(null, Object(Config\Cache), false)
 9 SYSTEMPATH\Boot.php(325): CodeIgniter\CodeIgniter->run()
10 SYSTEMPATH\Boot.php(67): CodeIgniter\Boot::runCodeIgniter(Object(CodeIgniter\CodeIgniter))
11 FCPATH\index.php(56): CodeIgniter\Boot::bootWeb(Object(Config\Paths))
CRITICAL - 2024-11-07 07:29:24 --> Error: Object of class stdClass could not be converted to string
[Method: GET, Route: u7]
in APPPATH\Views\DB_Connect.php on line 2.
 1 SYSTEMPATH\View\View.php(234): include()
 2 SYSTEMPATH\View\View.php(237): CodeIgniter\View\View->CodeIgniter\View\{closure}()
 3 SYSTEMPATH\Common.php(1171): CodeIgniter\View\View->render('DB_Connect', [], true)
 4 APPPATH\Controllers\u7.php(26): view('DB_Connect', [...])
 5 SYSTEMPATH\CodeIgniter.php(933): App\Controllers\u7->index()
 6 SYSTEMPATH\CodeIgniter.php(509): CodeIgniter\CodeIgniter->runController(Object(App\Controllers\u7))
 7 SYSTEMPATH\CodeIgniter.php(355): CodeIgniter\CodeIgniter->handleRequest(null, Object(Config\Cache), false)
 8 SYSTEMPATH\Boot.php(325): CodeIgniter\CodeIgniter->run()
 9 SYSTEMPATH\Boot.php(67): CodeIgniter\Boot::runCodeIgniter(Object(CodeIgniter\CodeIgniter))
10 FCPATH\index.php(56): CodeIgniter\Boot::bootWeb(Object(Config\Paths))
CRITICAL - 2024-11-07 07:29:28 --> Error: Object of class stdClass could not be converted to string
[Method: GET, Route: u7]
in APPPATH\Views\DB_Connect.php on line 2.
 1 SYSTEMPATH\View\View.php(234): include()
 2 SYSTEMPATH\View\View.php(237): CodeIgniter\View\View->CodeIgniter\View\{closure}()
 3 SYSTEMPATH\Common.php(1171): CodeIgniter\View\View->render('DB_Connect', [], true)
 4 APPPATH\Controllers\u7.php(26): view('DB_Connect', [...])
 5 SYSTEMPATH\CodeIgniter.php(933): App\Controllers\u7->index()
 6 SYSTEMPATH\CodeIgniter.php(509): CodeIgniter\CodeIgniter->runController(Object(App\Controllers\u7))
 7 SYSTEMPATH\CodeIgniter.php(355): CodeIgniter\CodeIgniter->handleRequest(null, Object(Config\Cache), false)
 8 SYSTEMPATH\Boot.php(325): CodeIgniter\CodeIgniter->run()
 9 SYSTEMPATH\Boot.php(67): CodeIgniter\Boot::runCodeIgniter(Object(CodeIgniter\CodeIgniter))
10 FCPATH\index.php(56): CodeIgniter\Boot::bootWeb(Object(Config\Paths))
CRITICAL - 2024-11-07 07:31:04 --> Error: Object of class stdClass could not be converted to string
[Method: GET, Route: u7]
in APPPATH\Views\DB_Connect.php on line 5.
 1 SYSTEMPATH\View\View.php(234): include()
 2 SYSTEMPATH\View\View.php(237): CodeIgniter\View\View->CodeIgniter\View\{closure}()
 3 SYSTEMPATH\Common.php(1171): CodeIgniter\View\View->render('DB_Connect', [], true)
 4 APPPATH\Controllers\u7.php(26): view('DB_Connect', [...])
 5 SYSTEMPATH\CodeIgniter.php(933): App\Controllers\u7->index()
 6 SYSTEMPATH\CodeIgniter.php(509): CodeIgniter\CodeIgniter->runController(Object(App\Controllers\u7))
 7 SYSTEMPATH\CodeIgniter.php(355): CodeIgniter\CodeIgniter->handleRequest(null, Object(Config\Cache), false)
 8 SYSTEMPATH\Boot.php(325): CodeIgniter\CodeIgniter->run()
 9 SYSTEMPATH\Boot.php(67): CodeIgniter\Boot::runCodeIgniter(Object(CodeIgniter\CodeIgniter))
10 FCPATH\index.php(56): CodeIgniter\Boot::bootWeb(Object(Config\Paths))
CRITICAL - 2024-11-07 07:32:18 --> ErrorException: Attempt to read property "student_id" on array
[Method: GET, Route: u7]
in APPPATH\Controllers\u7.php on line 21.
 1 APPPATH\Controllers\u7.php(21): CodeIgniter\Debug\Exceptions->errorHandler(2, 'Attempt to read property "student_id" on array', 'C:\\xampp\\htdocs\\u8\\app\\Controllers\\u7.php', 21)
 2 SYSTEMPATH\CodeIgniter.php(933): App\Controllers\u7->index()
 3 SYSTEMPATH\CodeIgniter.php(509): CodeIgniter\CodeIgniter->runController(Object(App\Controllers\u7))
 4 SYSTEMPATH\CodeIgniter.php(355): CodeIgniter\CodeIgniter->handleRequest(null, Object(Config\Cache), false)
 5 SYSTEMPATH\Boot.php(325): CodeIgniter\CodeIgniter->run()
 6 SYSTEMPATH\Boot.php(67): CodeIgniter\Boot::runCodeIgniter(Object(CodeIgniter\CodeIgniter))
 7 FCPATH\index.php(56): CodeIgniter\Boot::bootWeb(Object(Config\Paths))
CRITICAL - 2024-11-07 07:41:16 --> ErrorException: Undefined variable $data
[Method: GET, Route: u7]
in APPPATH\Views\DB_Connect.php on line 4.
 1 APPPATH\Views\DB_Connect.php(4): CodeIgniter\Debug\Exceptions->errorHandler(2, 'Undefined variable $data', 'C:\\xampp\\htdocs\\u8\\app\\Views\\DB_Connect.php', 4)
 2 SYSTEMPATH\View\View.php(234): include('C:\\xampp\\htdocs\\u8\\app\\Views\\DB_Connect.php')
 3 SYSTEMPATH\View\View.php(237): CodeIgniter\View\View->CodeIgniter\View\{closure}()
 4 SYSTEMPATH\Common.php(1171): CodeIgniter\View\View->render('DB_Connect', [], true)
 5 APPPATH\Controllers\u7.php(26): view('DB_Connect', [...])
 6 SYSTEMPATH\CodeIgniter.php(933): App\Controllers\u7->index()
 7 SYSTEMPATH\CodeIgniter.php(509): CodeIgniter\CodeIgniter->runController(Object(App\Controllers\u7))
 8 SYSTEMPATH\CodeIgniter.php(355): CodeIgniter\CodeIgniter->handleRequest(null, Object(Config\Cache), false)
 9 SYSTEMPATH\Boot.php(325): CodeIgniter\CodeIgniter->run()
10 SYSTEMPATH\Boot.php(67): CodeIgniter\Boot::runCodeIgniter(Object(CodeIgniter\CodeIgniter))
11 FCPATH\index.php(56): CodeIgniter\Boot::bootWeb(Object(Config\Paths))
CRITICAL - 2024-11-07 07:42:24 --> ErrorException: Undefined variable $data
[Method: GET, Route: u7]
in APPPATH\Views\DB_Connect.php on line 3.
 1 APPPATH\Views\DB_Connect.php(3): CodeIgniter\Debug\Exceptions->errorHandler(2, 'Undefined variable $data', 'C:\\xampp\\htdocs\\u8\\app\\Views\\DB_Connect.php', 3)
 2 SYSTEMPATH\View\View.php(234): include('C:\\xampp\\htdocs\\u8\\app\\Views\\DB_Connect.php')
 3 SYSTEMPATH\View\View.php(237): CodeIgniter\View\View->CodeIgniter\View\{closure}()
 4 SYSTEMPATH\Common.php(1171): CodeIgniter\View\View->render('DB_Connect', [], true)
 5 APPPATH\Controllers\u7.php(26): view('DB_Connect', [...])
 6 SYSTEMPATH\CodeIgniter.php(933): App\Controllers\u7->index()
 7 SYSTEMPATH\CodeIgniter.php(509): CodeIgniter\CodeIgniter->runController(Object(App\Controllers\u7))
 8 SYSTEMPATH\CodeIgniter.php(355): CodeIgniter\CodeIgniter->handleRequest(null, Object(Config\Cache), false)
 9 SYSTEMPATH\Boot.php(325): CodeIgniter\CodeIgniter->run()
10 SYSTEMPATH\Boot.php(67): CodeIgniter\Boot::runCodeIgniter(Object(CodeIgniter\CodeIgniter))
11 FCPATH\index.php(56): CodeIgniter\Boot::bootWeb(Object(Config\Paths))
CRITICAL - 2024-11-07 07:42:25 --> ErrorException: Undefined variable $data
[Method: GET, Route: u7]
in APPPATH\Views\DB_Connect.php on line 3.
 1 APPPATH\Views\DB_Connect.php(3): CodeIgniter\Debug\Exceptions->errorHandler(2, 'Undefined variable $data', 'C:\\xampp\\htdocs\\u8\\app\\Views\\DB_Connect.php', 3)
 2 SYSTEMPATH\View\View.php(234): include('C:\\xampp\\htdocs\\u8\\app\\Views\\DB_Connect.php')
 3 SYSTEMPATH\View\View.php(237): CodeIgniter\View\View->CodeIgniter\View\{closure}()
 4 SYSTEMPATH\Common.php(1171): CodeIgniter\View\View->render('DB_Connect', [], true)
 5 APPPATH\Controllers\u7.php(26): view('DB_Connect', [...])
 6 SYSTEMPATH\CodeIgniter.php(933): App\Controllers\u7->index()
 7 SYSTEMPATH\CodeIgniter.php(509): CodeIgniter\CodeIgniter->runController(Object(App\Controllers\u7))
 8 SYSTEMPATH\CodeIgniter.php(355): CodeIgniter\CodeIgniter->handleRequest(null, Object(Config\Cache), false)
 9 SYSTEMPATH\Boot.php(325): CodeIgniter\CodeIgniter->run()
10 SYSTEMPATH\Boot.php(67): CodeIgniter\Boot::runCodeIgniter(Object(CodeIgniter\CodeIgniter))
11 FCPATH\index.php(56): CodeIgniter\Boot::bootWeb(Object(Config\Paths))
CRITICAL - 2024-11-07 07:42:37 --> ErrorException: Undefined variable $data
[Method: GET, Route: u7]
in APPPATH\Views\DB_Connect.php on line 3.
 1 APPPATH\Views\DB_Connect.php(3): CodeIgniter\Debug\Exceptions->errorHandler(2, 'Undefined variable $data', 'C:\\xampp\\htdocs\\u8\\app\\Views\\DB_Connect.php', 3)
 2 SYSTEMPATH\View\View.php(234): include('C:\\xampp\\htdocs\\u8\\app\\Views\\DB_Connect.php')
 3 SYSTEMPATH\View\View.php(237): CodeIgniter\View\View->CodeIgniter\View\{closure}()
 4 SYSTEMPATH\Common.php(1171): CodeIgniter\View\View->render('DB_Connect', [], true)
 5 APPPATH\Controllers\u7.php(26): view('DB_Connect', [...])
 6 SYSTEMPATH\CodeIgniter.php(933): App\Controllers\u7->index()
 7 SYSTEMPATH\CodeIgniter.php(509): CodeIgniter\CodeIgniter->runController(Object(App\Controllers\u7))
 8 SYSTEMPATH\CodeIgniter.php(355): CodeIgniter\CodeIgniter->handleRequest(null, Object(Config\Cache), false)
 9 SYSTEMPATH\Boot.php(325): CodeIgniter\CodeIgniter->run()
10 SYSTEMPATH\Boot.php(67): CodeIgniter\Boot::runCodeIgniter(Object(CodeIgniter\CodeIgniter))
11 FCPATH\index.php(56): CodeIgniter\Boot::bootWeb(Object(Config\Paths))
CRITICAL - 2024-11-07 07:42:37 --> ErrorException: Undefined variable $data
[Method: GET, Route: u7]
in APPPATH\Views\DB_Connect.php on line 3.
 1 APPPATH\Views\DB_Connect.php(3): CodeIgniter\Debug\Exceptions->errorHandler(2, 'Undefined variable $data', 'C:\\xampp\\htdocs\\u8\\app\\Views\\DB_Connect.php', 3)
 2 SYSTEMPATH\View\View.php(234): include('C:\\xampp\\htdocs\\u8\\app\\Views\\DB_Connect.php')
 3 SYSTEMPATH\View\View.php(237): CodeIgniter\View\View->CodeIgniter\View\{closure}()
 4 SYSTEMPATH\Common.php(1171): CodeIgniter\View\View->render('DB_Connect', [], true)
 5 APPPATH\Controllers\u7.php(26): view('DB_Connect', [...])
 6 SYSTEMPATH\CodeIgniter.php(933): App\Controllers\u7->index()
 7 SYSTEMPATH\CodeIgniter.php(509): CodeIgniter\CodeIgniter->runController(Object(App\Controllers\u7))
 8 SYSTEMPATH\CodeIgniter.php(355): CodeIgniter\CodeIgniter->handleRequest(null, Object(Config\Cache), false)
 9 SYSTEMPATH\Boot.php(325): CodeIgniter\CodeIgniter->run()
10 SYSTEMPATH\Boot.php(67): CodeIgniter\Boot::runCodeIgniter(Object(CodeIgniter\CodeIgniter))
11 FCPATH\index.php(56): CodeIgniter\Boot::bootWeb(Object(Config\Paths))
CRITICAL - 2024-11-07 07:42:38 --> ErrorException: Undefined variable $data
[Method: GET, Route: u7]
in APPPATH\Views\DB_Connect.php on line 3.
 1 APPPATH\Views\DB_Connect.php(3): CodeIgniter\Debug\Exceptions->errorHandler(2, 'Undefined variable $data', 'C:\\xampp\\htdocs\\u8\\app\\Views\\DB_Connect.php', 3)
 2 SYSTEMPATH\View\View.php(234): include('C:\\xampp\\htdocs\\u8\\app\\Views\\DB_Connect.php')
 3 SYSTEMPATH\View\View.php(237): CodeIgniter\View\View->CodeIgniter\View\{closure}()
 4 SYSTEMPATH\Common.php(1171): CodeIgniter\View\View->render('DB_Connect', [], true)
 5 APPPATH\Controllers\u7.php(26): view('DB_Connect', [...])
 6 SYSTEMPATH\CodeIgniter.php(933): App\Controllers\u7->index()
 7 SYSTEMPATH\CodeIgniter.php(509): CodeIgniter\CodeIgniter->runController(Object(App\Controllers\u7))
 8 SYSTEMPATH\CodeIgniter.php(355): CodeIgniter\CodeIgniter->handleRequest(null, Object(Config\Cache), false)
 9 SYSTEMPATH\Boot.php(325): CodeIgniter\CodeIgniter->run()
10 SYSTEMPATH\Boot.php(67): CodeIgniter\Boot::runCodeIgniter(Object(CodeIgniter\CodeIgniter))
11 FCPATH\index.php(56): CodeIgniter\Boot::bootWeb(Object(Config\Paths))
CRITICAL - 2024-11-07 07:42:38 --> ErrorException: Undefined variable $data
[Method: GET, Route: u7]
in APPPATH\Views\DB_Connect.php on line 3.
 1 APPPATH\Views\DB_Connect.php(3): CodeIgniter\Debug\Exceptions->errorHandler(2, 'Undefined variable $data', 'C:\\xampp\\htdocs\\u8\\app\\Views\\DB_Connect.php', 3)
 2 SYSTEMPATH\View\View.php(234): include('C:\\xampp\\htdocs\\u8\\app\\Views\\DB_Connect.php')
 3 SYSTEMPATH\View\View.php(237): CodeIgniter\View\View->CodeIgniter\View\{closure}()
 4 SYSTEMPATH\Common.php(1171): CodeIgniter\View\View->render('DB_Connect', [], true)
 5 APPPATH\Controllers\u7.php(26): view('DB_Connect', [...])
 6 SYSTEMPATH\CodeIgniter.php(933): App\Controllers\u7->index()
 7 SYSTEMPATH\CodeIgniter.php(509): CodeIgniter\CodeIgniter->runController(Object(App\Controllers\u7))
 8 SYSTEMPATH\CodeIgniter.php(355): CodeIgniter\CodeIgniter->handleRequest(null, Object(Config\Cache), false)
 9 SYSTEMPATH\Boot.php(325): CodeIgniter\CodeIgniter->run()
10 SYSTEMPATH\Boot.php(67): CodeIgniter\Boot::runCodeIgniter(Object(CodeIgniter\CodeIgniter))
11 FCPATH\index.php(56): CodeIgniter\Boot::bootWeb(Object(Config\Paths))
CRITICAL - 2024-11-07 07:43:37 --> ErrorException: Undefined array key "student_name"
[Method: GET, Route: u7]
in APPPATH\Views\DB_Connect.php on line 3.
 1 APPPATH\Views\DB_Connect.php(3): CodeIgniter\Debug\Exceptions->errorHandler(2, 'Undefined array key "student_name"', 'C:\\xampp\\htdocs\\u8\\app\\Views\\DB_Connect.php', 3)
 2 SYSTEMPATH\View\View.php(234): include('C:\\xampp\\htdocs\\u8\\app\\Views\\DB_Connect.php')
 3 SYSTEMPATH\View\View.php(237): CodeIgniter\View\View->CodeIgniter\View\{closure}()
 4 SYSTEMPATH\Common.php(1171): CodeIgniter\View\View->render('DB_Connect', [], true)
 5 APPPATH\Controllers\u7.php(26): view('DB_Connect', [...])
 6 SYSTEMPATH\CodeIgniter.php(933): App\Controllers\u7->index()
 7 SYSTEMPATH\CodeIgniter.php(509): CodeIgniter\CodeIgniter->runController(Object(App\Controllers\u7))
 8 SYSTEMPATH\CodeIgniter.php(355): CodeIgniter\CodeIgniter->handleRequest(null, Object(Config\Cache), false)
 9 SYSTEMPATH\Boot.php(325): CodeIgniter\CodeIgniter->run()
10 SYSTEMPATH\Boot.php(67): CodeIgniter\Boot::runCodeIgniter(Object(CodeIgniter\CodeIgniter))
11 FCPATH\index.php(56): CodeIgniter\Boot::bootWeb(Object(Config\Paths))
CRITICAL - 2024-11-07 07:44:07 --> ErrorException: Undefined array key "student_id"
[Method: GET, Route: u7]
in APPPATH\Views\DB_Connect.php on line 3.
 1 APPPATH\Views\DB_Connect.php(3): CodeIgniter\Debug\Exceptions->errorHandler(2, 'Undefined array key "student_id"', 'C:\\xampp\\htdocs\\u8\\app\\Views\\DB_Connect.php', 3)
 2 SYSTEMPATH\View\View.php(234): include('C:\\xampp\\htdocs\\u8\\app\\Views\\DB_Connect.php')
 3 SYSTEMPATH\View\View.php(237): CodeIgniter\View\View->CodeIgniter\View\{closure}()
 4 SYSTEMPATH\Common.php(1171): CodeIgniter\View\View->render('DB_Connect', [], true)
 5 APPPATH\Controllers\u7.php(26): view('DB_Connect', [...])
 6 SYSTEMPATH\CodeIgniter.php(933): App\Controllers\u7->index()
 7 SYSTEMPATH\CodeIgniter.php(509): CodeIgniter\CodeIgniter->runController(Object(App\Controllers\u7))
 8 SYSTEMPATH\CodeIgniter.php(355): CodeIgniter\CodeIgniter->handleRequest(null, Object(Config\Cache), false)
 9 SYSTEMPATH\Boot.php(325): CodeIgniter\CodeIgniter->run()
10 SYSTEMPATH\Boot.php(67): CodeIgniter\Boot::runCodeIgniter(Object(CodeIgniter\CodeIgniter))
11 FCPATH\index.php(56): CodeIgniter\Boot::bootWeb(Object(Config\Paths))
CRITICAL - 2024-11-07 07:45:36 --> ErrorException: Undefined variable $data
[Method: GET, Route: u7]
in APPPATH\Views\DB_Connect.php on line 3.
 1 APPPATH\Views\DB_Connect.php(3): CodeIgniter\Debug\Exceptions->errorHandler(2, 'Undefined variable $data', 'C:\\xampp\\htdocs\\u8\\app\\Views\\DB_Connect.php', 3)
 2 SYSTEMPATH\View\View.php(234): include('C:\\xampp\\htdocs\\u8\\app\\Views\\DB_Connect.php')
 3 SYSTEMPATH\View\View.php(237): CodeIgniter\View\View->CodeIgniter\View\{closure}()
 4 SYSTEMPATH\Common.php(1171): CodeIgniter\View\View->render('DB_Connect', [], true)
 5 APPPATH\Controllers\u7.php(26): view('DB_Connect', [...])
 6 SYSTEMPATH\CodeIgniter.php(933): App\Controllers\u7->index()
 7 SYSTEMPATH\CodeIgniter.php(509): CodeIgniter\CodeIgniter->runController(Object(App\Controllers\u7))
 8 SYSTEMPATH\CodeIgniter.php(355): CodeIgniter\CodeIgniter->handleRequest(null, Object(Config\Cache), false)
 9 SYSTEMPATH\Boot.php(325): CodeIgniter\CodeIgniter->run()
10 SYSTEMPATH\Boot.php(67): CodeIgniter\Boot::runCodeIgniter(Object(CodeIgniter\CodeIgniter))
11 FCPATH\index.php(56): CodeIgniter\Boot::bootWeb(Object(Config\Paths))
CRITICAL - 2024-11-07 07:46:55 --> ErrorException: Undefined variable $data
[Method: GET, Route: u7]
in APPPATH\Views\DB_Connect.php on line 3.
 1 APPPATH\Views\DB_Connect.php(3): CodeIgniter\Debug\Exceptions->errorHandler(2, 'Undefined variable $data', 'C:\\xampp\\htdocs\\u8\\app\\Views\\DB_Connect.php', 3)
 2 SYSTEMPATH\View\View.php(234): include('C:\\xampp\\htdocs\\u8\\app\\Views\\DB_Connect.php')
 3 SYSTEMPATH\View\View.php(237): CodeIgniter\View\View->CodeIgniter\View\{closure}()
 4 SYSTEMPATH\Common.php(1171): CodeIgniter\View\View->render('DB_Connect', [], true)
 5 APPPATH\Controllers\u7.php(26): view('DB_Connect', [...])
 6 SYSTEMPATH\CodeIgniter.php(933): App\Controllers\u7->index()
 7 SYSTEMPATH\CodeIgniter.php(509): CodeIgniter\CodeIgniter->runController(Object(App\Controllers\u7))
 8 SYSTEMPATH\CodeIgniter.php(355): CodeIgniter\CodeIgniter->handleRequest(null, Object(Config\Cache), false)
 9 SYSTEMPATH\Boot.php(325): CodeIgniter\CodeIgniter->run()
10 SYSTEMPATH\Boot.php(67): CodeIgniter\Boot::runCodeIgniter(Object(CodeIgniter\CodeIgniter))
11 FCPATH\index.php(56): CodeIgniter\Boot::bootWeb(Object(Config\Paths))
CRITICAL - 2024-11-07 07:46:56 --> ErrorException: Undefined variable $data
[Method: GET, Route: u7]
in APPPATH\Views\DB_Connect.php on line 3.
 1 APPPATH\Views\DB_Connect.php(3): CodeIgniter\Debug\Exceptions->errorHandler(2, 'Undefined variable $data', 'C:\\xampp\\htdocs\\u8\\app\\Views\\DB_Connect.php', 3)
 2 SYSTEMPATH\View\View.php(234): include('C:\\xampp\\htdocs\\u8\\app\\Views\\DB_Connect.php')
 3 SYSTEMPATH\View\View.php(237): CodeIgniter\View\View->CodeIgniter\View\{closure}()
 4 SYSTEMPATH\Common.php(1171): CodeIgniter\View\View->render('DB_Connect', [], true)
 5 APPPATH\Controllers\u7.php(26): view('DB_Connect', [...])
 6 SYSTEMPATH\CodeIgniter.php(933): App\Controllers\u7->index()
 7 SYSTEMPATH\CodeIgniter.php(509): CodeIgniter\CodeIgniter->runController(Object(App\Controllers\u7))
 8 SYSTEMPATH\CodeIgniter.php(355): CodeIgniter\CodeIgniter->handleRequest(null, Object(Config\Cache), false)
 9 SYSTEMPATH\Boot.php(325): CodeIgniter\CodeIgniter->run()
10 SYSTEMPATH\Boot.php(67): CodeIgniter\Boot::runCodeIgniter(Object(CodeIgniter\CodeIgniter))
11 FCPATH\index.php(56): CodeIgniter\Boot::bootWeb(Object(Config\Paths))
CRITICAL - 2024-11-07 07:46:57 --> ErrorException: Undefined variable $data
[Method: GET, Route: u7]
in APPPATH\Views\DB_Connect.php on line 3.
 1 APPPATH\Views\DB_Connect.php(3): CodeIgniter\Debug\Exceptions->errorHandler(2, 'Undefined variable $data', 'C:\\xampp\\htdocs\\u8\\app\\Views\\DB_Connect.php', 3)
 2 SYSTEMPATH\View\View.php(234): include('C:\\xampp\\htdocs\\u8\\app\\Views\\DB_Connect.php')
 3 SYSTEMPATH\View\View.php(237): CodeIgniter\View\View->CodeIgniter\View\{closure}()
 4 SYSTEMPATH\Common.php(1171): CodeIgniter\View\View->render('DB_Connect', [], true)
 5 APPPATH\Controllers\u7.php(26): view('DB_Connect', [...])
 6 SYSTEMPATH\CodeIgniter.php(933): App\Controllers\u7->index()
 7 SYSTEMPATH\CodeIgniter.php(509): CodeIgniter\CodeIgniter->runController(Object(App\Controllers\u7))
 8 SYSTEMPATH\CodeIgniter.php(355): CodeIgniter\CodeIgniter->handleRequest(null, Object(Config\Cache), false)
 9 SYSTEMPATH\Boot.php(325): CodeIgniter\CodeIgniter->run()
10 SYSTEMPATH\Boot.php(67): CodeIgniter\Boot::runCodeIgniter(Object(CodeIgniter\CodeIgniter))
11 FCPATH\index.php(56): CodeIgniter\Boot::bootWeb(Object(Config\Paths))
CRITICAL - 2024-11-07 07:46:57 --> ErrorException: Undefined variable $data
[Method: GET, Route: u7]
in APPPATH\Views\DB_Connect.php on line 3.
 1 APPPATH\Views\DB_Connect.php(3): CodeIgniter\Debug\Exceptions->errorHandler(2, 'Undefined variable $data', 'C:\\xampp\\htdocs\\u8\\app\\Views\\DB_Connect.php', 3)
 2 SYSTEMPATH\View\View.php(234): include('C:\\xampp\\htdocs\\u8\\app\\Views\\DB_Connect.php')
 3 SYSTEMPATH\View\View.php(237): CodeIgniter\View\View->CodeIgniter\View\{closure}()
 4 SYSTEMPATH\Common.php(1171): CodeIgniter\View\View->render('DB_Connect', [], true)
 5 APPPATH\Controllers\u7.php(26): view('DB_Connect', [...])
 6 SYSTEMPATH\CodeIgniter.php(933): App\Controllers\u7->index()
 7 SYSTEMPATH\CodeIgniter.php(509): CodeIgniter\CodeIgniter->runController(Object(App\Controllers\u7))
 8 SYSTEMPATH\CodeIgniter.php(355): CodeIgniter\CodeIgniter->handleRequest(null, Object(Config\Cache), false)
 9 SYSTEMPATH\Boot.php(325): CodeIgniter\CodeIgniter->run()
10 SYSTEMPATH\Boot.php(67): CodeIgniter\Boot::runCodeIgniter(Object(CodeIgniter\CodeIgniter))
11 FCPATH\index.php(56): CodeIgniter\Boot::bootWeb(Object(Config\Paths))
CRITICAL - 2024-11-07 07:46:58 --> ErrorException: Undefined variable $data
[Method: GET, Route: u7]
in APPPATH\Views\DB_Connect.php on line 3.
 1 APPPATH\Views\DB_Connect.php(3): CodeIgniter\Debug\Exceptions->errorHandler(2, 'Undefined variable $data', 'C:\\xampp\\htdocs\\u8\\app\\Views\\DB_Connect.php', 3)
 2 SYSTEMPATH\View\View.php(234): include('C:\\xampp\\htdocs\\u8\\app\\Views\\DB_Connect.php')
 3 SYSTEMPATH\View\View.php(237): CodeIgniter\View\View->CodeIgniter\View\{closure}()
 4 SYSTEMPATH\Common.php(1171): CodeIgniter\View\View->render('DB_Connect', [], true)
 5 APPPATH\Controllers\u7.php(26): view('DB_Connect', [...])
 6 SYSTEMPATH\CodeIgniter.php(933): App\Controllers\u7->index()
 7 SYSTEMPATH\CodeIgniter.php(509): CodeIgniter\CodeIgniter->runController(Object(App\Controllers\u7))
 8 SYSTEMPATH\CodeIgniter.php(355): CodeIgniter\CodeIgniter->handleRequest(null, Object(Config\Cache), false)
 9 SYSTEMPATH\Boot.php(325): CodeIgniter\CodeIgniter->run()
10 SYSTEMPATH\Boot.php(67): CodeIgniter\Boot::runCodeIgniter(Object(CodeIgniter\CodeIgniter))
11 FCPATH\index.php(56): CodeIgniter\Boot::bootWeb(Object(Config\Paths))
CRITICAL - 2024-11-07 07:50:13 --> ErrorException: Undefined variable $data
[Method: GET, Route: u7]
in APPPATH\Views\DB_Connect.php on line 3.
 1 APPPATH\Views\DB_Connect.php(3): CodeIgniter\Debug\Exceptions->errorHandler(2, 'Undefined variable $data', 'C:\\xampp\\htdocs\\u8\\app\\Views\\DB_Connect.php', 3)
 2 SYSTEMPATH\View\View.php(234): include('C:\\xampp\\htdocs\\u8\\app\\Views\\DB_Connect.php')
 3 SYSTEMPATH\View\View.php(237): CodeIgniter\View\View->CodeIgniter\View\{closure}()
 4 SYSTEMPATH\Common.php(1171): CodeIgniter\View\View->render('DB_Connect', [], true)
 5 APPPATH\Controllers\u7.php(26): view('DB_Connect', [...])
 6 SYSTEMPATH\CodeIgniter.php(933): App\Controllers\u7->index()
 7 SYSTEMPATH\CodeIgniter.php(509): CodeIgniter\CodeIgniter->runController(Object(App\Controllers\u7))
 8 SYSTEMPATH\CodeIgniter.php(355): CodeIgniter\CodeIgniter->handleRequest(null, Object(Config\Cache), false)
 9 SYSTEMPATH\Boot.php(325): CodeIgniter\CodeIgniter->run()
10 SYSTEMPATH\Boot.php(67): CodeIgniter\Boot::runCodeIgniter(Object(CodeIgniter\CodeIgniter))
11 FCPATH\index.php(56): CodeIgniter\Boot::bootWeb(Object(Config\Paths))
CRITICAL - 2024-11-07 07:50:47 --> ErrorException: Undefined variable $data
[Method: GET, Route: u7]
in APPPATH\Views\DB_Connect.php on line 3.
 1 APPPATH\Views\DB_Connect.php(3): CodeIgniter\Debug\Exceptions->errorHandler(2, 'Undefined variable $data', 'C:\\xampp\\htdocs\\u8\\app\\Views\\DB_Connect.php', 3)
 2 SYSTEMPATH\View\View.php(234): include('C:\\xampp\\htdocs\\u8\\app\\Views\\DB_Connect.php')
 3 SYSTEMPATH\View\View.php(237): CodeIgniter\View\View->CodeIgniter\View\{closure}()
 4 SYSTEMPATH\Common.php(1171): CodeIgniter\View\View->render('DB_Connect', [], true)
 5 APPPATH\Controllers\u7.php(26): view('DB_Connect', [...])
 6 SYSTEMPATH\CodeIgniter.php(933): App\Controllers\u7->index()
 7 SYSTEMPATH\CodeIgniter.php(509): CodeIgniter\CodeIgniter->runController(Object(App\Controllers\u7))
 8 SYSTEMPATH\CodeIgniter.php(355): CodeIgniter\CodeIgniter->handleRequest(null, Object(Config\Cache), false)
 9 SYSTEMPATH\Boot.php(325): CodeIgniter\CodeIgniter->run()
10 SYSTEMPATH\Boot.php(67): CodeIgniter\Boot::runCodeIgniter(Object(CodeIgniter\CodeIgniter))
11 FCPATH\index.php(56): CodeIgniter\Boot::bootWeb(Object(Config\Paths))
CRITICAL - 2024-11-07 07:53:13 --> ErrorException: Undefined variable $data
[Method: GET, Route: u7]
in APPPATH\Views\DB_Connect.php on line 3.
 1 APPPATH\Views\DB_Connect.php(3): CodeIgniter\Debug\Exceptions->errorHandler(2, 'Undefined variable $data', 'C:\\xampp\\htdocs\\u8\\app\\Views\\DB_Connect.php', 3)
 2 SYSTEMPATH\View\View.php(234): include('C:\\xampp\\htdocs\\u8\\app\\Views\\DB_Connect.php')
 3 SYSTEMPATH\View\View.php(237): CodeIgniter\View\View->CodeIgniter\View\{closure}()
 4 SYSTEMPATH\Common.php(1171): CodeIgniter\View\View->render('DB_Connect', [], true)
 5 APPPATH\Controllers\u7.php(26): view('DB_Connect', [...])
 6 SYSTEMPATH\CodeIgniter.php(933): App\Controllers\u7->index()
 7 SYSTEMPATH\CodeIgniter.php(509): CodeIgniter\CodeIgniter->runController(Object(App\Controllers\u7))
 8 SYSTEMPATH\CodeIgniter.php(355): CodeIgniter\CodeIgniter->handleRequest(null, Object(Config\Cache), false)
 9 SYSTEMPATH\Boot.php(325): CodeIgniter\CodeIgniter->run()
10 SYSTEMPATH\Boot.php(67): CodeIgniter\Boot::runCodeIgniter(Object(CodeIgniter\CodeIgniter))
11 FCPATH\index.php(56): CodeIgniter\Boot::bootWeb(Object(Config\Paths))
CRITICAL - 2024-11-07 07:54:17 --> ErrorException: Undefined variable $data
[Method: GET, Route: u7]
in APPPATH\Views\DB_Connect.php on line 3.
 1 APPPATH\Views\DB_Connect.php(3): CodeIgniter\Debug\Exceptions->errorHandler(2, 'Undefined variable $data', 'C:\\xampp\\htdocs\\u8\\app\\Views\\DB_Connect.php', 3)
 2 SYSTEMPATH\View\View.php(234): include('C:\\xampp\\htdocs\\u8\\app\\Views\\DB_Connect.php')
 3 SYSTEMPATH\View\View.php(237): CodeIgniter\View\View->CodeIgniter\View\{closure}()
 4 SYSTEMPATH\Common.php(1171): CodeIgniter\View\View->render('DB_Connect', [], true)
 5 APPPATH\Controllers\u7.php(26): view('DB_Connect', [...])
 6 SYSTEMPATH\CodeIgniter.php(933): App\Controllers\u7->index()
 7 SYSTEMPATH\CodeIgniter.php(509): CodeIgniter\CodeIgniter->runController(Object(App\Controllers\u7))
 8 SYSTEMPATH\CodeIgniter.php(355): CodeIgniter\CodeIgniter->handleRequest(null, Object(Config\Cache), false)
 9 SYSTEMPATH\Boot.php(325): CodeIgniter\CodeIgniter->run()
10 SYSTEMPATH\Boot.php(67): CodeIgniter\Boot::runCodeIgniter(Object(CodeIgniter\CodeIgniter))
11 FCPATH\index.php(56): CodeIgniter\Boot::bootWeb(Object(Config\Paths))
CRITICAL - 2024-11-07 07:54:18 --> ErrorException: Undefined variable $data
[Method: GET, Route: u7]
in APPPATH\Views\DB_Connect.php on line 3.
 1 APPPATH\Views\DB_Connect.php(3): CodeIgniter\Debug\Exceptions->errorHandler(2, 'Undefined variable $data', 'C:\\xampp\\htdocs\\u8\\app\\Views\\DB_Connect.php', 3)
 2 SYSTEMPATH\View\View.php(234): include('C:\\xampp\\htdocs\\u8\\app\\Views\\DB_Connect.php')
 3 SYSTEMPATH\View\View.php(237): CodeIgniter\View\View->CodeIgniter\View\{closure}()
 4 SYSTEMPATH\Common.php(1171): CodeIgniter\View\View->render('DB_Connect', [], true)
 5 APPPATH\Controllers\u7.php(26): view('DB_Connect', [...])
 6 SYSTEMPATH\CodeIgniter.php(933): App\Controllers\u7->index()
 7 SYSTEMPATH\CodeIgniter.php(509): CodeIgniter\CodeIgniter->runController(Object(App\Controllers\u7))
 8 SYSTEMPATH\CodeIgniter.php(355): CodeIgniter\CodeIgniter->handleRequest(null, Object(Config\Cache), false)
 9 SYSTEMPATH\Boot.php(325): CodeIgniter\CodeIgniter->run()
10 SYSTEMPATH\Boot.php(67): CodeIgniter\Boot::runCodeIgniter(Object(CodeIgniter\CodeIgniter))
11 FCPATH\index.php(56): CodeIgniter\Boot::bootWeb(Object(Config\Paths))
CRITICAL - 2024-11-07 07:54:18 --> ErrorException: Undefined variable $data
[Method: GET, Route: u7]
in APPPATH\Views\DB_Connect.php on line 3.
 1 APPPATH\Views\DB_Connect.php(3): CodeIgniter\Debug\Exceptions->errorHandler(2, 'Undefined variable $data', 'C:\\xampp\\htdocs\\u8\\app\\Views\\DB_Connect.php', 3)
 2 SYSTEMPATH\View\View.php(234): include('C:\\xampp\\htdocs\\u8\\app\\Views\\DB_Connect.php')
 3 SYSTEMPATH\View\View.php(237): CodeIgniter\View\View->CodeIgniter\View\{closure}()
 4 SYSTEMPATH\Common.php(1171): CodeIgniter\View\View->render('DB_Connect', [], true)
 5 APPPATH\Controllers\u7.php(26): view('DB_Connect', [...])
 6 SYSTEMPATH\CodeIgniter.php(933): App\Controllers\u7->index()
 7 SYSTEMPATH\CodeIgniter.php(509): CodeIgniter\CodeIgniter->runController(Object(App\Controllers\u7))
 8 SYSTEMPATH\CodeIgniter.php(355): CodeIgniter\CodeIgniter->handleRequest(null, Object(Config\Cache), false)
 9 SYSTEMPATH\Boot.php(325): CodeIgniter\CodeIgniter->run()
10 SYSTEMPATH\Boot.php(67): CodeIgniter\Boot::runCodeIgniter(Object(CodeIgniter\CodeIgniter))
11 FCPATH\index.php(56): CodeIgniter\Boot::bootWeb(Object(Config\Paths))
CRITICAL - 2024-11-07 07:54:55 --> Error: Call to undefined method App\Controllers\u7::view()
[Method: GET, Route: u7]
in APPPATH\Controllers\u7.php on line 25.
 1 SYSTEMPATH\CodeIgniter.php(933): App\Controllers\u7->index()
 2 SYSTEMPATH\CodeIgniter.php(509): CodeIgniter\CodeIgniter->runController(Object(App\Controllers\u7))
 3 SYSTEMPATH\CodeIgniter.php(355): CodeIgniter\CodeIgniter->handleRequest(null, Object(Config\Cache), false)
 4 SYSTEMPATH\Boot.php(325): CodeIgniter\CodeIgniter->run()
 5 SYSTEMPATH\Boot.php(67): CodeIgniter\Boot::runCodeIgniter(Object(CodeIgniter\CodeIgniter))
 6 FCPATH\index.php(56): CodeIgniter\Boot::bootWeb(Object(Config\Paths))
CRITICAL - 2024-11-07 07:55:01 --> ErrorException: Undefined variable $data
[Method: GET, Route: u7]
in APPPATH\Views\DB_Connect.php on line 3.
 1 APPPATH\Views\DB_Connect.php(3): CodeIgniter\Debug\Exceptions->errorHandler(2, 'Undefined variable $data', 'C:\\xampp\\htdocs\\u8\\app\\Views\\DB_Connect.php', 3)
 2 SYSTEMPATH\View\View.php(234): include('C:\\xampp\\htdocs\\u8\\app\\Views\\DB_Connect.php')
 3 SYSTEMPATH\View\View.php(237): CodeIgniter\View\View->CodeIgniter\View\{closure}()
 4 SYSTEMPATH\Common.php(1171): CodeIgniter\View\View->render('DB_Connect', [], true)
 5 APPPATH\Controllers\u7.php(25): view('DB_Connect', [...])
 6 SYSTEMPATH\CodeIgniter.php(933): App\Controllers\u7->index()
 7 SYSTEMPATH\CodeIgniter.php(509): CodeIgniter\CodeIgniter->runController(Object(App\Controllers\u7))
 8 SYSTEMPATH\CodeIgniter.php(355): CodeIgniter\CodeIgniter->handleRequest(null, Object(Config\Cache), false)
 9 SYSTEMPATH\Boot.php(325): CodeIgniter\CodeIgniter->run()
10 SYSTEMPATH\Boot.php(67): CodeIgniter\Boot::runCodeIgniter(Object(CodeIgniter\CodeIgniter))
11 FCPATH\index.php(56): CodeIgniter\Boot::bootWeb(Object(Config\Paths))
CRITICAL - 2024-11-07 07:56:11 --> Error: Object of class stdClass could not be converted to string
[Method: GET, Route: u7]
in APPPATH\Views\DB_Connect.php on line 5.
 1 SYSTEMPATH\View\View.php(234): include()
 2 SYSTEMPATH\View\View.php(237): CodeIgniter\View\View->CodeIgniter\View\{closure}()
 3 SYSTEMPATH\Common.php(1171): CodeIgniter\View\View->render('DB_Connect', [], true)
 4 APPPATH\Controllers\u7.php(25): view('DB_Connect', [...])
 5 SYSTEMPATH\CodeIgniter.php(933): App\Controllers\u7->index()
 6 SYSTEMPATH\CodeIgniter.php(509): CodeIgniter\CodeIgniter->runController(Object(App\Controllers\u7))
 7 SYSTEMPATH\CodeIgniter.php(355): CodeIgniter\CodeIgniter->handleRequest(null, Object(Config\Cache), false)
 8 SYSTEMPATH\Boot.php(325): CodeIgniter\CodeIgniter->run()
 9 SYSTEMPATH\Boot.php(67): CodeIgniter\Boot::runCodeIgniter(Object(CodeIgniter\CodeIgniter))
10 FCPATH\index.php(56): CodeIgniter\Boot::bootWeb(Object(Config\Paths))
CRITICAL - 2024-11-07 07:56:13 --> Error: Object of class stdClass could not be converted to string
[Method: GET, Route: u7]
in APPPATH\Views\DB_Connect.php on line 5.
 1 SYSTEMPATH\View\View.php(234): include()
 2 SYSTEMPATH\View\View.php(237): CodeIgniter\View\View->CodeIgniter\View\{closure}()
 3 SYSTEMPATH\Common.php(1171): CodeIgniter\View\View->render('DB_Connect', [], true)
 4 APPPATH\Controllers\u7.php(25): view('DB_Connect', [...])
 5 SYSTEMPATH\CodeIgniter.php(933): App\Controllers\u7->index()
 6 SYSTEMPATH\CodeIgniter.php(509): CodeIgniter\CodeIgniter->runController(Object(App\Controllers\u7))
 7 SYSTEMPATH\CodeIgniter.php(355): CodeIgniter\CodeIgniter->handleRequest(null, Object(Config\Cache), false)
 8 SYSTEMPATH\Boot.php(325): CodeIgniter\CodeIgniter->run()
 9 SYSTEMPATH\Boot.php(67): CodeIgniter\Boot::runCodeIgniter(Object(CodeIgniter\CodeIgniter))
10 FCPATH\index.php(56): CodeIgniter\Boot::bootWeb(Object(Config\Paths))
CRITICAL - 2024-11-07 08:15:30 --> Error: Object of class stdClass could not be converted to string
[Method: GET, Route: u7]
in APPPATH\Views\DB_Connect.php on line 5.
 1 SYSTEMPATH\View\View.php(234): include()
 2 SYSTEMPATH\View\View.php(237): CodeIgniter\View\View->CodeIgniter\View\{closure}()
 3 SYSTEMPATH\Common.php(1171): CodeIgniter\View\View->render('DB_Connect', [], true)
 4 APPPATH\Controllers\u7.php(25): view('DB_Connect', [...])
 5 SYSTEMPATH\CodeIgniter.php(933): App\Controllers\u7->index()
 6 SYSTEMPATH\CodeIgniter.php(509): CodeIgniter\CodeIgniter->runController(Object(App\Controllers\u7))
 7 SYSTEMPATH\CodeIgniter.php(355): CodeIgniter\CodeIgniter->handleRequest(null, Object(Config\Cache), false)
 8 SYSTEMPATH\Boot.php(325): CodeIgniter\CodeIgniter->run()
 9 SYSTEMPATH\Boot.php(67): CodeIgniter\Boot::runCodeIgniter(Object(CodeIgniter\CodeIgniter))
10 FCPATH\index.php(56): CodeIgniter\Boot::bootWeb(Object(Config\Paths))
